<?xml version="1.0" encoding="UTF-8"?>
<testsuite xmlns:xsi="http://www.w3.org/2001/XMLSchema-instance" xsi:noNamespaceSchemaLocation="https://maven.apache.org/surefire/maven-surefire-plugin/xsd/surefire-test-report-3.0.xsd" version="3.0" name="uitests.ecommercelambda.tests.ProductsPageTests" time="43.321" tests="3" errors="0" skipped="0" failures="0">
  <properties>
[...]
</properties>
  <testcase name="compareTwoProductsComparesSelectedProductsCorrectlyTest" classname="uitests.ecommercelambda.tests.ProductsPageTests" time="17.673">
    <system-out><![CDATA[2023-11-20 14:37:10,077 INFO  [main] Initializing WebDriver
2023-11-20 14:37:13,905 INFO  [main] Initializing WebDriver
2023-11-20 14:37:13,905 INFO  [main] Initializing WebDriver
2023-11-20 14:37:13,905 INFO  [main] Initializing WebDriver
2023-11-20 14:37:13,905 INFO  [main] Initializing WebDriver
2023-11-20 14:37:13,905 INFO  [main] Initializing WebDriver
2023-11-20 14:37:13,905 INFO  [main] Initializing WebDriver
2023-11-20 14:37:13,905 INFO  [main] Initializing WebDriver
2023-11-20 14:37:14,752 INFO  [main] Initializing WebDriver
2023-11-20 14:37:14,982 INFO  [main] Initializing WebDriver
2023-11-20 14:37:15,047 INFO  [main] Initializing WebDriver
2023-11-20 14:37:15,116 INFO  [main] Initializing WebDriver
2023-11-20 14:37:15,126 INFO  [main] Performing keyboard action (Enter) on element
2023-11-20 14:37:16,159 INFO  [main] Initializing WebDriver
2023-11-20 14:37:16,196 INFO  [main] Initializing WebDriver
2023-11-20 14:37:17,562 INFO  [main] Initializing WebDriver
2023-11-20 14:37:17,587 INFO  [main] Initializing WebDriver
2023-11-20 14:37:17,630 INFO  [main] Initializing WebDriver
2023-11-20 14:37:20,644 INFO  [main] Initializing WebDriver
2023-11-20 14:37:20,665 INFO  [main] Initializing WebDriver
2023-11-20 14:37:21,466 INFO  [main] Initializing WebDriver
2023-11-20 14:37:21,675 INFO  [main] Initializing WebDriver
2023-11-20 14:37:21,724 INFO  [main] Initializing WebDriver
2023-11-20 14:37:21,804 INFO  [main] Initializing WebDriver
2023-11-20 14:37:21,812 INFO  [main] Performing keyboard action (Enter) on element
2023-11-20 14:37:22,446 INFO  [main] Initializing WebDriver
2023-11-20 14:37:22,507 INFO  [main] Initializing WebDriver
2023-11-20 14:37:23,079 INFO  [main] Initializing WebDriver
2023-11-20 14:37:23,109 INFO  [main] Initializing WebDriver
2023-11-20 14:37:23,168 INFO  [main] Initializing WebDriver
2023-11-20 14:37:26,183 INFO  [main] Initializing WebDriver
2023-11-20 14:37:26,197 INFO  [main] Initializing WebDriver
2023-11-20 14:37:26,210 INFO  [main] Initializing WebDriver
2023-11-20 14:37:26,273 INFO  [main] Initializing WebDriver
2023-11-20 14:37:27,280 INFO  [main] Initializing WebDriver
2023-11-20 14:37:27,281 INFO  [main] Initializing WebDriver
2023-11-20 14:37:27,312 INFO  [main] Initializing WebDriver
2023-11-20 14:37:27,325 INFO  [main] Initializing WebDriver
2023-11-20 14:37:27,325 INFO  [main] Initializing WebDriver
2023-11-20 14:37:27,346 INFO  [main] Initializing WebDriver
2023-11-20 14:37:27,353 INFO  [main] Initializing WebDriver
2023-11-20 14:37:27,353 INFO  [main] Initializing WebDriver
2023-11-20 14:37:27,373 INFO  [main] Initializing WebDriver
2023-11-20 14:37:27,381 INFO  [main] Initializing WebDriver
2023-11-20 14:37:27,381 INFO  [main] Initializing WebDriver
2023-11-20 14:37:27,402 INFO  [main] Initializing WebDriver
2023-11-20 14:37:27,408 INFO  [main] Initializing WebDriver
2023-11-20 14:37:27,408 INFO  [main] Initializing WebDriver
2023-11-20 14:37:27,429 INFO  [main] Initializing WebDriver
2023-11-20 14:37:27,439 INFO  [main] Quitting WebDriver
]]></system-out>
    <system-err><![CDATA[Kas 20, 2023 2:37:11 ÖS org.openqa.selenium.devtools.CdpVersionFinder findNearestMatch
WARNING: Unable to find an exact match for CDP version 119, so returning the closest version found: 115
]]></system-err>
  </testcase>
  <testcase name="wishListButtonAddsProductToWishListTest" classname="uitests.ecommercelambda.tests.ProductsPageTests" time="12.327">
    <system-out><![CDATA[2023-11-20 14:37:27,750 INFO  [main] Initializing WebDriver
2023-11-20 14:37:31,373 INFO  [main] Initializing WebDriver
2023-11-20 14:37:31,373 INFO  [main] Initializing WebDriver
2023-11-20 14:37:31,374 INFO  [main] Initializing WebDriver
2023-11-20 14:37:31,374 INFO  [main] Initializing WebDriver
2023-11-20 14:37:31,374 INFO  [main] Initializing WebDriver
2023-11-20 14:37:31,374 INFO  [main] Initializing WebDriver
2023-11-20 14:37:31,374 INFO  [main] Initializing WebDriver
2023-11-20 14:37:32,116 INFO  [main] Initializing WebDriver
2023-11-20 14:37:32,379 INFO  [main] Initializing WebDriver
2023-11-20 14:37:32,411 INFO  [main] Initializing WebDriver
2023-11-20 14:37:33,397 INFO  [main] Initializing WebDriver
2023-11-20 14:37:33,424 INFO  [main] Initializing WebDriver
2023-11-20 14:37:33,503 INFO  [main] Initializing WebDriver
2023-11-20 14:37:33,524 INFO  [main] Initializing WebDriver
2023-11-20 14:37:33,603 INFO  [main] Initializing WebDriver
2023-11-20 14:37:33,627 INFO  [main] Initializing WebDriver
2023-11-20 14:37:33,763 INFO  [main] Initializing WebDriver
2023-11-20 14:37:33,789 INFO  [main] Initializing WebDriver
2023-11-20 14:37:33,880 INFO  [main] Initializing WebDriver
2023-11-20 14:37:33,907 INFO  [main] Initializing WebDriver
2023-11-20 14:37:33,994 INFO  [main] Initializing WebDriver
2023-11-20 14:37:34,018 INFO  [main] Initializing WebDriver
2023-11-20 14:37:34,106 INFO  [main] Initializing WebDriver
2023-11-20 14:37:34,128 INFO  [main] Initializing WebDriver
2023-11-20 14:37:34,154 INFO  [main] Initializing WebDriver
2023-11-20 14:37:34,207 INFO  [main] Initializing WebDriver
2023-11-20 14:37:34,247 INFO  [main] Initializing WebDriver
2023-11-20 14:37:35,193 INFO  [main] Initializing WebDriver
2023-11-20 14:37:35,225 INFO  [main] Initializing WebDriver
2023-11-20 14:37:35,268 INFO  [main] Initializing WebDriver
2023-11-20 14:37:35,338 INFO  [main] Initializing WebDriver
2023-11-20 14:37:35,345 INFO  [main] Performing keyboard action (Enter) on element
2023-11-20 14:37:35,673 INFO  [main] Initializing WebDriver
2023-11-20 14:37:36,490 INFO  [main] Initializing WebDriver
2023-11-20 14:37:36,626 INFO  [main] Initializing WebDriver
2023-11-20 14:37:36,659 INFO  [main] Initializing WebDriver
2023-11-20 14:37:36,718 INFO  [main] Initializing WebDriver
2023-11-20 14:37:39,732 INFO  [main] Initializing WebDriver
2023-11-20 14:37:39,752 INFO  [main] Initializing WebDriver
2023-11-20 14:37:39,770 INFO  [main] Quitting WebDriver
]]></system-out>
    <system-err><![CDATA[Kas 20, 2023 2:37:29 ÖS org.openqa.selenium.devtools.CdpVersionFinder findNearestMatch
WARNING: Unable to find an exact match for CDP version 119, so returning the closest version found: 115
]]></system-err>
  </testcase>
  <testcase name="addToCartButtonAddsProductToCartTest" classname="uitests.ecommercelambda.tests.ProductsPageTests" time="13.318">
    <system-out><![CDATA[2023-11-20 14:37:40,077 INFO  [main] Initializing WebDriver
2023-11-20 14:37:43,826 INFO  [main] Initializing WebDriver
2023-11-20 14:37:43,826 INFO  [main] Initializing WebDriver
2023-11-20 14:37:43,826 INFO  [main] Initializing WebDriver
2023-11-20 14:37:43,826 INFO  [main] Initializing WebDriver
2023-11-20 14:37:43,826 INFO  [main] Initializing WebDriver
2023-11-20 14:37:43,826 INFO  [main] Initializing WebDriver
2023-11-20 14:37:43,826 INFO  [main] Initializing WebDriver
2023-11-20 14:37:44,655 INFO  [main] Initializing WebDriver
2023-11-20 14:37:44,861 INFO  [main] Initializing WebDriver
2023-11-20 14:37:44,925 INFO  [main] Initializing WebDriver
2023-11-20 14:37:45,014 INFO  [main] Initializing WebDriver
2023-11-20 14:37:45,024 INFO  [main] Performing keyboard action (Enter) on element
2023-11-20 14:37:46,319 INFO  [main] Initializing WebDriver
2023-11-20 14:37:46,348 INFO  [main] Initializing WebDriver
2023-11-20 14:37:47,819 INFO  [main] Initializing WebDriver
2023-11-20 14:37:47,844 INFO  [main] Initializing WebDriver
2023-11-20 14:37:47,901 INFO  [main] Initializing WebDriver
2023-11-20 14:37:47,918 INFO  [main] Performing keyboard action (Arrow Down) on element
2023-11-20 14:37:47,965 INFO  [main] Initializing WebDriver
2023-11-20 14:37:47,976 INFO  [main] Performing keyboard action (Enter) on element
2023-11-20 14:37:48,025 INFO  [main] Initializing WebDriver
2023-11-20 14:37:50,071 INFO  [main] Initializing WebDriver
2023-11-20 14:37:50,112 INFO  [main] Initializing WebDriver
2023-11-20 14:37:53,114 INFO  [main] Initializing WebDriver
2023-11-20 14:37:53,134 INFO  [main] Initializing WebDriver
2023-11-20 14:37:53,153 INFO  [main] Quitting WebDriver
]]></system-out>
    <system-err><![CDATA[Kas 20, 2023 2:37:41 ÖS org.openqa.selenium.devtools.CdpVersionFinder findNearestMatch
WARNING: Unable to find an exact match for CDP version 119, so returning the closest version found: 115
]]></system-err>
  </testcase>
</testsuite>